{
  "RSpec": {
    "coverage": {
      "/Users/ruthbrand/turing/mod_two/book_club/BookClub/spec/features/user_sees_all_books_spec.rb": [
        1,
        null,
        1,
        null,
        1,
        7,
        null,
        null,
        null,
        7,
        7,
        null,
        null,
        null,
        null,
        7,
        7,
        null,
        null,
        null,
        null,
        7,
        7,
        null,
        null,
        null,
        null,
        null,
        7,
        null,
        null,
        null,
        7,
        7,
        null,
        null,
        null,
        null,
        7,
        7,
        null,
        null,
        null,
        null,
        null,
        7,
        null,
        null,
        null,
        7,
        7,
        null,
        null,
        null,
        null,
        null,
        7,
        7,
        7,
        7,
        7,
        7,
        7,
        7,
        null,
        null,
        null,
        1,
        null,
        1,
        null,
        1,
        1,
        1,
        1,
        1,
        1,
        null,
        1,
        1,
        1,
        1,
        1,
        1,
        null,
        1,
        1,
        1,
        1,
        1,
        1,
        null,
        null,
        null,
        1,
        null,
        1,
        null,
        1,
        null,
        1,
        null,
        1,
        1,
        1,
        1,
        null,
        null,
        null,
        null,
        1,
        null,
        1,
        null,
        1,
        null,
        1,
        null,
        1,
        1,
        1,
        1,
        null,
        null,
        null,
        null,
        1,
        null,
        1,
        null,
        1,
        null,
        1,
        null,
        1,
        1,
        1,
        1,
        null,
        null,
        null,
        null,
        1,
        null,
        1,
        null,
        1,
        null,
        1,
        null,
        1,
        1,
        1,
        1,
        null,
        null,
        null,
        null,
        1,
        null,
        1,
        null,
        1,
        null,
        1,
        null,
        1,
        1,
        1,
        1,
        null,
        null,
        null,
        null,
        1,
        null,
        1,
        null,
        1,
        null,
        1,
        null,
        1,
        1,
        1,
        1,
        null,
        null,
        null,
        null,
        null,
        null,
        null,
        null,
        null,
        null,
        null
      ],
      "/Users/ruthbrand/turing/mod_two/book_club/BookClub/spec/models/author_spec.rb": [
        1,
        null,
        1,
        1,
        2,
        null,
        null,
        1,
        2,
        2,
        null,
        null,
        null
      ],
      "/Users/ruthbrand/turing/mod_two/book_club/BookClub/app/models/author.rb": [
        1,
        1,
        null,
        1,
        1,
        null,
        null
      ],
      "/Users/ruthbrand/turing/mod_two/book_club/BookClub/app/models/application_record.rb": [
        1,
        1,
        null
      ],
      "/Users/ruthbrand/turing/mod_two/book_club/BookClub/spec/models/book_authors_spec.rb": [
        1,
        null,
        1,
        1,
        2,
        2,
        null,
        null,
        null
      ],
      "/Users/ruthbrand/turing/mod_two/book_club/BookClub/app/models/book_author.rb": [
        1,
        1,
        1,
        null
      ],
      "/Users/ruthbrand/turing/mod_two/book_club/BookClub/spec/models/book_spec.rb": [
        1,
        null,
        1,
        1,
        2,
        2,
        2,
        null,
        null,
        1,
        2,
        2,
        2,
        2,
        null,
        null,
        1,
        null,
        1,
        null,
        4,
        null,
        null,
        null,
        4,
        4,
        null,
        null,
        null,
        null,
        4,
        4,
        null,
        null,
        null,
        null,
        4,
        4,
        null,
        null,
        null,
        null,
        null,
        4,
        null,
        null,
        null,
        4,
        4,
        null,
        null,
        null,
        null,
        4,
        4,
        null,
        null,
        null,
        null,
        null,
        4,
        null,
        null,
        null,
        4,
        4,
        null,
        null,
        null,
        null,
        null,
        4,
        4,
        4,
        4,
        4,
        4,
        4,
        4,
        null,
        null,
        null,
        1,
        1,
        1,
        null,
        null,
        1,
        1,
        1,
        null,
        1,
        1,
        null,
        null,
        1,
        1,
        1,
        null,
        1,
        1,
        null,
        null,
        1,
        1,
        1,
        null,
        1,
        1,
        null,
        null,
        null,
        null
      ],
      "/Users/ruthbrand/turing/mod_two/book_club/BookClub/app/models/book.rb": [
        1,
        1,
        null,
        1,
        1,
        1,
        1,
        null,
        1,
        41,
        null,
        null,
        1,
        19,
        null,
        null,
        null,
        4,
        15,
        4,
        11,
        null,
        null,
        null,
        4,
        null,
        7,
        null,
        null,
        null,
        null
      ],
      "/Users/ruthbrand/turing/mod_two/book_club/BookClub/spec/models/review_spec.rb": [
        1,
        null,
        1,
        1,
        2,
        2,
        2,
        null,
        null,
        1,
        2,
        2,
        null,
        null,
        1,
        1,
        1,
        null,
        null,
        null,
        1,
        null,
        1,
        null,
        null,
        null,
        1,
        null,
        1,
        null,
        null,
        null,
        null,
        null,
        1,
        null,
        1,
        null,
        null,
        null,
        null,
        null,
        1,
        null,
        null,
        null,
        1,
        null,
        null,
        null,
        null,
        1,
        null,
        1,
        null,
        null,
        null,
        null,
        null,
        null,
        null,
        1,
        1,
        null,
        1,
        1,
        null,
        null,
        null,
        null,
        null,
        null,
        null
      ],
      "/Users/ruthbrand/turing/mod_two/book_club/BookClub/app/models/review.rb": [
        1,
        1,
        1,
        1,
        null,
        1,
        null,
        4,
        null,
        null,
        1,
        null,
        3,
        null,
        null,
        null,
        null
      ],
      "/Users/ruthbrand/turing/mod_two/book_club/BookClub/spec/models/user_spec.rb": [
        1,
        null,
        1,
        1,
        2,
        null,
        null,
        1,
        2,
        2,
        null,
        null
      ],
      "/Users/ruthbrand/turing/mod_two/book_club/BookClub/app/models/user.rb": [
        1,
        1,
        null,
        1,
        1,
        null
      ],
      "/Users/ruthbrand/turing/mod_two/book_club/BookClub/app/controllers/books_controller.rb": [
        1,
        null,
        1,
        13,
        null,
        null,
        1,
        1,
        1,
        1,
        null,
        null,
        null,
        null
      ],
      "/Users/ruthbrand/turing/mod_two/book_club/BookClub/app/controllers/application_controller.rb": [
        1,
        1,
        null,
        null
      ]
    },
    "timestamp": 1539292802
  }
}
