{
  "RSpec": {
    "coverage": {
      "/Users/ruthbrand/turing/mod_two/book_club/BookClub/app/models/book.rb": [
        1,
        1,
        null,
        1,
        1,
        1,
        1,
        null,
        1,
        1,
        null,
        null,
        null,
        null,
        null,
        null,
        null,
        null,
        null,
        null,
        null,
        null,
        null,
        null
      ],
      "/Users/ruthbrand/turing/mod_two/book_club/BookClub/app/models/application_record.rb": [
        1,
        1,
        null
      ],
      "/Users/ruthbrand/turing/mod_two/book_club/BookClub/app/models/user.rb": [
        1,
        1,
        null,
        1,
        1,
        null
      ],
      "/Users/ruthbrand/turing/mod_two/book_club/BookClub/app/models/review.rb": [
        1,
        1,
        1,
        1,
        null,
        1,
        null,
        0,
        null,
        null,
        1,
        null,
        0,
        null,
        null,
        null,
        null
      ]
    },
    "timestamp": 1539273528
  }
}
